{"level":"info","ts":1740055265.7397408,"caller":"v2@v2.52.6/router.go:145","msg":"Health check requested"}
{"level":"info","ts":1740055265.74037,"caller":"v2@v2.52.6/ctx.go:1025","msg":"Request handled","method":"GET","path":"/health","status":200,"duration":0.000633083,"client_ip":"0.0.0.0"}
{"level":"info","ts":1740055265.740486,"caller":"v2@v2.52.6/router.go:145","msg":"Version endpoint hit"}
{"level":"info","ts":1740055265.7405639,"caller":"v2@v2.52.6/ctx.go:1025","msg":"Request handled","method":"GET","path":"/version","status":200,"duration":0.000077666,"client_ip":"0.0.0.0"}
{"level":"warn","ts":1740055265.740652,"caller":"api/api_test.go:87","msg":"Manual shutdown requested"}
{"level":"info","ts":1740055265.919623,"caller":"runtime/asm_arm64.s:1223","msg":"Parity API is running","port":"5555"}
{"level":"warn","ts":1740055266.420032,"caller":"cmd/parity.go:87","msg":"Received shutdown signal, stopping server..."}
{"level":"warn","ts":1740055266.420008,"caller":"cmd/parity.go:97","msg":"Manual shutdown requested"}
{"level":"info","ts":1740055266.420202,"caller":"cmd/parity.go:87","msg":"Server shutdown successfully"}
{"level":"info","ts":1740055266.440922,"caller":"validation/validator_test.go:113","msg":"Starting schema validation","table":"test"}
{"level":"info","ts":1740055266.4419782,"caller":"validation/validator_test.go:113","msg":"Schema validation passed","table":"test"}
{"level":"info","ts":1740055266.45387,"caller":"validation/validator_test.go:134","msg":"Starting schema validation","table":"test"}
{"level":"warn","ts":1740055266.4541261,"caller":"validation/validator_test.go:134","msg":"Schema validation failed","table":"test","missingInDestination":["value"],"missingInSource":["different_column"],"dataTypeMismatches":{}}
{"level":"info","ts":1740055266.465651,"caller":"validation/validator_test.go:157","msg":"Starting row count validation","table":"test"}
{"level":"info","ts":1740055266.466701,"caller":"validation/validator_test.go:157","msg":"Row count validation passed","source":2,"destination":2}
{"level":"info","ts":1740055266.476206,"caller":"validation/validator_test.go:183","msg":"Starting row count validation","table":"test"}
{"level":"warn","ts":1740055266.476592,"caller":"validation/validator_test.go:183","msg":"Row count validation failed","source":2,"destination":1,"difference":1}
{"level":"info","ts":1740055266.4864829,"caller":"validation/validator_test.go:215","msg":"Starting full validation","table":"test"}
{"level":"info","ts":1740055266.486619,"caller":"validation/validator.go:56","msg":"Starting schema validation","table":"test"}
{"level":"info","ts":1740055266.4866009,"caller":"validation/validator.go:68","msg":"Starting value-level validation","table":"test","mode":"Full"}
{"level":"info","ts":1740055266.486712,"caller":"validation/validator.go:60","msg":"Starting row count validation","table":"test"}
{"level":"info","ts":1740055266.4868171,"caller":"validation/validator.go:64","msg":"Starting aggregate validation","table":"test"}
{"level":"info","ts":1740055266.486942,"caller":"validation/validator.go:56","msg":"Schema validation passed","table":"test"}
{"level":"info","ts":1740055266.487297,"caller":"validation/validator.go:60","msg":"Row count validation passed","source":2,"destination":2}
{"level":"info","ts":1740055266.4874399,"caller":"validation/validator.go:68","msg":"Value-level validation passed","sampledRows":2}
{"level":"info","ts":1740055266.4876318,"caller":"validation/validator.go:64","msg":"Aggregate validation passed","column":"id","aggType":"SUM"}
{"level":"info","ts":1740055266.487644,"caller":"validation/validator.go:64","msg":"Aggregate validation passed","column":"id","aggType":"AVG"}
{"level":"info","ts":1740055266.487652,"caller":"validation/validator.go:64","msg":"Aggregate validation passed","column":"id","aggType":"MIN"}
{"level":"info","ts":1740055266.4876611,"caller":"validation/validator.go:64","msg":"Aggregate validation passed","column":"id","aggType":"MAX"}
{"level":"info","ts":1740055266.487669,"caller":"validation/validator.go:64","msg":"Aggregate validation passed","column":"id","aggType":"COUNT"}
{"level":"info","ts":1740055266.488278,"caller":"validation/validator.go:64","msg":"Aggregate validation passed","column":"value","aggType":"SUM"}
{"level":"info","ts":1740055266.488294,"caller":"validation/validator.go:64","msg":"Aggregate validation passed","column":"value","aggType":"AVG"}
{"level":"info","ts":1740055266.488302,"caller":"validation/validator.go:64","msg":"Aggregate validation passed","column":"value","aggType":"MIN"}
{"level":"info","ts":1740055266.488309,"caller":"validation/validator.go:64","msg":"Aggregate validation passed","column":"value","aggType":"MAX"}
{"level":"info","ts":1740055266.4883158,"caller":"validation/validator.go:64","msg":"Aggregate validation passed","column":"value","aggType":"COUNT"}
{"level":"info","ts":1740055266.4883342,"caller":"validation/validator.go:81","msg":"Starting partition validation","table":"test","partitionColumn":"partition_column"}
{"level":"info","ts":1740055266.488342,"caller":"validation/validator.go:85","msg":"Starting shard validation","table":"test","shardColumn":"shard_column"}
{"level":"info","ts":1740055266.488566,"caller":"validation/validator_test.go:215","msg":"Validation report generated","report":"{\n  \"db_metadata\": {\n    \"source_db_name\": \"SourceDB\",\n    \"destination_db_name\": \"DestinationDB\",\n    \"engine\": \"Apache Arrow ADBC\",\n    \"version\": \"1.0\",\n    \"schema_name\": \"\",\n    \"start_time\": \"2025-02-20T06:41:06.486483-06:00\",\n    \"end_time\": \"2025-02-20T06:41:06.48835-06:00\",\n    \"duration\": 1866709,\n    \"connection_string\": \"\",\n    \"validation_thresholds\": {\n      \"numeric_difference_tolerance\": 0.001,\n      \"row_count_tolerance\": 0,\n      \"sampling_confidence_level\": 0.95\n    },\n    \"total_partitions\": 0,\n    \"total_shards\": 0\n  },\n  \"table_metadata\": {\n    \"object_type\": \"table\",\n    \"name\": \"test\",\n    \"primary_keys\": [],\n    \"num_columns\": 0,\n    \"column_data_types\": {},\n    \"partition_strategy\": \"\",\n    \"sharding_strategy\": \"\"\n  },\n  \"row_count_result\": {\n    \"source_count\": 2,\n    \"destination_count\": 2,\n    \"difference\": 0,\n    \"status\": true\n  },\n  \"aggregate_results\": [\n    {\n      \"column_name\": \"id\",\n      \"agg_type\": \"SUM\",\n      \"source_value\": 3,\n      \"destination_value\": 3,\n      \"difference\": 0,\n      \"status\": true\n    },\n    {\n      \"column_name\": \"id\",\n      \"agg_type\": \"AVG\",\n      \"source_value\": 1.5,\n      \"destination_value\": 1.5,\n      \"difference\": 0,\n      \"status\": true\n    },\n    {\n      \"column_name\": \"id\",\n      \"agg_type\": \"MIN\",\n      \"source_value\": 1,\n      \"destination_value\": 1,\n      \"difference\": 0,\n      \"status\": true\n    },\n    {\n      \"column_name\": \"id\",\n      \"agg_type\": \"MAX\",\n      \"source_value\": 2,\n      \"destination_value\": 2,\n      \"difference\": 0,\n      \"status\": true\n    },\n    {\n      \"column_name\": \"id\",\n      \"agg_type\": \"COUNT\",\n      \"source_value\": 2,\n      \"destination_value\": 2,\n      \"difference\": 0,\n      \"status\": true\n    },\n    {\n      \"column_name\": \"value\",\n      \"agg_type\": \"SUM\",\n      \"source_value\": 31,\n      \"destination_value\": 31,\n      \"difference\": 0,\n      \"status\": true\n    },\n    {\n      \"column_name\": \"value\",\n      \"agg_type\": \"AVG\",\n      \"source_value\": 15.5,\n      \"destination_value\": 15.5,\n      \"difference\": 0,\n      \"status\": true\n    },\n    {\n      \"column_name\": \"value\",\n      \"agg_type\": \"MIN\",\n      \"source_value\": 10.5,\n      \"destination_value\": 10.5,\n      \"difference\": 0,\n      \"status\": true\n    },\n    {\n      \"column_name\": \"value\",\n      \"agg_type\": \"MAX\",\n      \"source_value\": 20.5,\n      \"destination_value\": 20.5,\n      \"difference\": 0,\n      \"status\": true\n    },\n    {\n      \"column_name\": \"value\",\n      \"agg_type\": \"COUNT\",\n      \"source_value\": 2,\n      \"destination_value\": 2,\n      \"difference\": 0,\n      \"status\": true\n    }\n  ],\n  \"value_result\": {\n    \"mode\": \"Full\",\n    \"sampling_percentage\": 100,\n    \"sampled_rows\": 2,\n    \"mismatched_rows\": 0,\n    \"columns_compared\": [\n      \"id\",\n      \"value\"\n    ],\n    \"mismatched_data\": {},\n    \"status\": true\n  },\n  \"schema_result\": {\n    \"result\": true,\n    \"missing_in_destination\": null,\n    \"missing_in_source\": null,\n    \"data_type_mismatches\": {},\n    \"primary_key_differences\": [],\n    \"status\": true\n  },\n  \"partition_metrics\": [\n    {\n      \"partition_column\": \"partition_column\",\n      \"row_count_differences\": {},\n      \"aggregate_differences\": {},\n      \"status\": true\n    }\n  ],\n  \"shard_metrics\": []\n}"}
{"level":"info","ts":1740055266.488605,"caller":"validation/validator_test.go:215","msg":"Validation completed","duration":0.001866709}
{"level":"info","ts":1740055303.2129622,"caller":"v2@v2.52.6/router.go:145","msg":"Health check requested"}
{"level":"info","ts":1740055303.213383,"caller":"v2@v2.52.6/ctx.go:1025","msg":"Request handled","method":"GET","path":"/health","status":200,"duration":0.000419291,"client_ip":"0.0.0.0"}
{"level":"info","ts":1740055303.21345,"caller":"v2@v2.52.6/router.go:145","msg":"Version endpoint hit"}
{"level":"info","ts":1740055303.2135239,"caller":"v2@v2.52.6/ctx.go:1025","msg":"Request handled","method":"GET","path":"/version","status":200,"duration":0.0000735,"client_ip":"0.0.0.0"}
{"level":"warn","ts":1740055303.21361,"caller":"api/api_test.go:87","msg":"Manual shutdown requested"}
{"level":"info","ts":1740055303.394891,"caller":"runtime/asm_arm64.s:1223","msg":"Parity API is running","port":"5555"}
{"level":"info","ts":1740055303.815925,"caller":"validation/validator_test.go:113","msg":"Starting schema validation","table":"test"}
{"level":"info","ts":1740055303.816952,"caller":"validation/validator_test.go:113","msg":"Schema validation passed","table":"test"}
{"level":"info","ts":1740055303.827659,"caller":"validation/validator_test.go:134","msg":"Starting schema validation","table":"test"}
{"level":"warn","ts":1740055303.827996,"caller":"validation/validator_test.go:134","msg":"Schema validation failed","table":"test","missingInDestination":["value"],"missingInSource":["different_column"],"dataTypeMismatches":{}}
{"level":"info","ts":1740055303.8396,"caller":"validation/validator_test.go:157","msg":"Starting row count validation","table":"test"}
{"level":"info","ts":1740055303.840566,"caller":"validation/validator_test.go:157","msg":"Row count validation passed","source":2,"destination":2}
{"level":"info","ts":1740055303.8500202,"caller":"validation/validator_test.go:183","msg":"Starting row count validation","table":"test"}
{"level":"warn","ts":1740055303.850376,"caller":"validation/validator_test.go:183","msg":"Row count validation failed","source":2,"destination":1,"difference":1}
{"level":"info","ts":1740055303.859549,"caller":"validation/validator_test.go:215","msg":"Starting full validation","table":"test"}
{"level":"info","ts":1740055303.859593,"caller":"validation/validator.go:68","msg":"Starting value-level validation","table":"test","mode":"Full"}
{"level":"info","ts":1740055303.8596249,"caller":"validation/validator.go:60","msg":"Starting row count validation","table":"test"}
{"level":"info","ts":1740055303.859645,"caller":"validation/validator.go:64","msg":"Starting aggregate validation","table":"test"}
{"level":"info","ts":1740055303.859683,"caller":"validation/validator.go:56","msg":"Starting schema validation","table":"test"}
{"level":"info","ts":1740055303.859993,"caller":"validation/validator.go:56","msg":"Schema validation passed","table":"test"}
{"level":"info","ts":1740055303.860134,"caller":"validation/validator.go:60","msg":"Row count validation passed","source":2,"destination":2}
{"level":"info","ts":1740055303.8601658,"caller":"validation/validator.go:68","msg":"Value-level validation passed","sampledRows":2}
{"level":"info","ts":1740055303.860362,"caller":"validation/validator.go:64","msg":"Aggregate validation passed","column":"id","aggType":"SUM"}
{"level":"info","ts":1740055303.860394,"caller":"validation/validator.go:64","msg":"Aggregate validation passed","column":"id","aggType":"AVG"}
{"level":"info","ts":1740055303.8604002,"caller":"validation/validator.go:64","msg":"Aggregate validation passed","column":"id","aggType":"MIN"}
{"level":"info","ts":1740055303.860407,"caller":"validation/validator.go:64","msg":"Aggregate validation passed","column":"id","aggType":"MAX"}
{"level":"info","ts":1740055303.8604128,"caller":"validation/validator.go:64","msg":"Aggregate validation passed","column":"id","aggType":"COUNT"}
{"level":"info","ts":1740055303.860947,"caller":"validation/validator.go:64","msg":"Aggregate validation passed","column":"value","aggType":"SUM"}
{"level":"info","ts":1740055303.860956,"caller":"validation/validator.go:64","msg":"Aggregate validation passed","column":"value","aggType":"AVG"}
{"level":"info","ts":1740055303.860961,"caller":"validation/validator.go:64","msg":"Aggregate validation passed","column":"value","aggType":"MIN"}
{"level":"info","ts":1740055303.860966,"caller":"validation/validator.go:64","msg":"Aggregate validation passed","column":"value","aggType":"MAX"}
{"level":"info","ts":1740055303.860974,"caller":"validation/validator.go:64","msg":"Aggregate validation passed","column":"value","aggType":"COUNT"}
{"level":"info","ts":1740055303.860985,"caller":"validation/validator.go:81","msg":"Starting partition validation","table":"test","partitionColumn":"partition_column"}
{"level":"info","ts":1740055303.860995,"caller":"validation/validator.go:85","msg":"Starting shard validation","table":"test","shardColumn":"shard_column"}
{"level":"info","ts":1740055303.861195,"caller":"validation/validator_test.go:215","msg":"Validation report generated","report":"{\n  \"db_metadata\": {\n    \"source_db_name\": \"SourceDB\",\n    \"destination_db_name\": \"DestinationDB\",\n    \"engine\": \"Apache Arrow ADBC\",\n    \"version\": \"1.0\",\n    \"schema_name\": \"\",\n    \"start_time\": \"2025-02-20T06:41:43.859549-06:00\",\n    \"end_time\": \"2025-02-20T06:41:43.861001-06:00\",\n    \"duration\": 1452334,\n    \"connection_string\": \"\",\n    \"validation_thresholds\": {\n      \"numeric_difference_tolerance\": 0.001,\n      \"row_count_tolerance\": 0,\n      \"sampling_confidence_level\": 0.95\n    },\n    \"total_partitions\": 0,\n    \"total_shards\": 0\n  },\n  \"table_metadata\": {\n    \"object_type\": \"table\",\n    \"name\": \"test\",\n    \"primary_keys\": [],\n    \"num_columns\": 0,\n    \"column_data_types\": {},\n    \"partition_strategy\": \"\",\n    \"sharding_strategy\": \"\"\n  },\n  \"row_count_result\": {\n    \"source_count\": 2,\n    \"destination_count\": 2,\n    \"difference\": 0,\n    \"status\": true\n  },\n  \"aggregate_results\": [\n    {\n      \"column_name\": \"id\",\n      \"agg_type\": \"SUM\",\n      \"source_value\": 3,\n      \"destination_value\": 3,\n      \"difference\": 0,\n      \"status\": true\n    },\n    {\n      \"column_name\": \"id\",\n      \"agg_type\": \"AVG\",\n      \"source_value\": 1.5,\n      \"destination_value\": 1.5,\n      \"difference\": 0,\n      \"status\": true\n    },\n    {\n      \"column_name\": \"id\",\n      \"agg_type\": \"MIN\",\n      \"source_value\": 1,\n      \"destination_value\": 1,\n      \"difference\": 0,\n      \"status\": true\n    },\n    {\n      \"column_name\": \"id\",\n      \"agg_type\": \"MAX\",\n      \"source_value\": 2,\n      \"destination_value\": 2,\n      \"difference\": 0,\n      \"status\": true\n    },\n    {\n      \"column_name\": \"id\",\n      \"agg_type\": \"COUNT\",\n      \"source_value\": 2,\n      \"destination_value\": 2,\n      \"difference\": 0,\n      \"status\": true\n    },\n    {\n      \"column_name\": \"value\",\n      \"agg_type\": \"SUM\",\n      \"source_value\": 31,\n      \"destination_value\": 31,\n      \"difference\": 0,\n      \"status\": true\n    },\n    {\n      \"column_name\": \"value\",\n      \"agg_type\": \"AVG\",\n      \"source_value\": 15.5,\n      \"destination_value\": 15.5,\n      \"difference\": 0,\n      \"status\": true\n    },\n    {\n      \"column_name\": \"value\",\n      \"agg_type\": \"MIN\",\n      \"source_value\": 10.5,\n      \"destination_value\": 10.5,\n      \"difference\": 0,\n      \"status\": true\n    },\n    {\n      \"column_name\": \"value\",\n      \"agg_type\": \"MAX\",\n      \"source_value\": 20.5,\n      \"destination_value\": 20.5,\n      \"difference\": 0,\n      \"status\": true\n    },\n    {\n      \"column_name\": \"value\",\n      \"agg_type\": \"COUNT\",\n      \"source_value\": 2,\n      \"destination_value\": 2,\n      \"difference\": 0,\n      \"status\": true\n    }\n  ],\n  \"value_result\": {\n    \"mode\": \"Full\",\n    \"sampling_percentage\": 100,\n    \"sampled_rows\": 2,\n    \"mismatched_rows\": 0,\n    \"columns_compared\": [\n      \"id\",\n      \"value\"\n    ],\n    \"mismatched_data\": {},\n    \"status\": true\n  },\n  \"schema_result\": {\n    \"result\": true,\n    \"missing_in_destination\": null,\n    \"missing_in_source\": null,\n    \"data_type_mismatches\": {},\n    \"primary_key_differences\": [],\n    \"status\": true\n  },\n  \"partition_metrics\": [\n    {\n      \"partition_column\": \"partition_column\",\n      \"row_count_differences\": {},\n      \"aggregate_differences\": {},\n      \"status\": true\n    }\n  ],\n  \"shard_metrics\": []\n}"}
{"level":"info","ts":1740055303.861234,"caller":"validation/validator_test.go:215","msg":"Validation completed","duration":0.001452334}
{"level":"warn","ts":1740055303.8957062,"caller":"cmd/parity.go:87","msg":"Received shutdown signal, stopping server..."}
{"level":"warn","ts":1740055303.895709,"caller":"cmd/parity.go:97","msg":"Manual shutdown requested"}
{"level":"info","ts":1740055303.895844,"caller":"cmd/parity.go:87","msg":"Server shutdown successfully"}
